
  .   ____          _            __ _ _
 /\\ / ___'_ __ _ _(_)_ __  __ _ \ \ \ \
( ( )\___ | '_ | '_| | '_ \/ _` | \ \ \ \
 \\/  ___)| |_)| | | | | || (_| |  ) ) ) )
  '  |____| .__|_| |_|_| |_\__, | / / / /
 =========|_|==============|___/=/_/_/_/
 :: Spring Boot ::        (v2.1.3.RELEASE)

2019-03-08 20:29:28.394  INFO 22736 --- [           main] com.example.yuan2.Yuan2Application       : Starting Yuan2Application v0.0.1-SNAPSHOT on jucheng-ThinkPad-E450 with PID 22736 (/home/jucheng/FrontProject/Study/build/笔记/yuan2-0.0.1-SNAPSHOT.jar started by jucheng in /home/jucheng/FrontProject/Study/build/笔记)
2019-03-08 20:29:28.407  INFO 22736 --- [           main] com.example.yuan2.Yuan2Application       : No active profile set, falling back to default profiles: default
2019-03-08 20:29:31.184  INFO 22736 --- [           main] o.s.b.w.embedded.tomcat.TomcatWebServer  : Tomcat initialized with port(s): 8080 (http)
2019-03-08 20:29:31.255  INFO 22736 --- [           main] o.apache.catalina.core.StandardService   : Starting service [Tomcat]
2019-03-08 20:29:31.257  INFO 22736 --- [           main] org.apache.catalina.core.StandardEngine  : Starting Servlet engine: [Apache Tomcat/9.0.16]
2019-03-08 20:29:31.280  INFO 22736 --- [           main] o.a.catalina.core.AprLifecycleListener   : The APR based Apache Tomcat Native library which allows optimal performance in production environments was not found on the java.library.path: [/usr/java/packages/lib:/usr/lib64:/lib64:/lib:/usr/lib]
2019-03-08 20:29:31.486  INFO 22736 --- [           main] o.a.c.c.C.[Tomcat].[localhost].[/]       : Initializing Spring embedded WebApplicationContext
2019-03-08 20:29:31.494  INFO 22736 --- [           main] o.s.web.context.ContextLoader            : Root WebApplicationContext: initialization completed in 2896 ms
2019-03-08 20:29:32.011  INFO 22736 --- [           main] o.s.s.concurrent.ThreadPoolTaskExecutor  : Initializing ExecutorService 'applicationTaskExecutor'
2019-03-08 20:29:32.732  INFO 22736 --- [           main] o.s.b.w.embedded.tomcat.TomcatWebServer  : Tomcat started on port(s): 8080 (http) with context path ''
2019-03-08 20:29:32.740  INFO 22736 --- [           main] com.example.yuan2.Yuan2Application       : Started Yuan2Application in 5.565 seconds (JVM running for 6.385)
2019-03-08 20:29:33.445  INFO 22736 --- [nio-8080-exec-1] o.a.c.c.C.[Tomcat].[localhost].[/]       : Initializing Spring DispatcherServlet 'dispatcherServlet'
2019-03-08 20:29:33.448  INFO 22736 --- [nio-8080-exec-1] o.s.web.servlet.DispatcherServlet        : Initializing Servlet 'dispatcherServlet'
2019-03-08 20:29:33.461  INFO 22736 --- [nio-8080-exec-1] o.s.web.servlet.DispatcherServlet        : Completed initialization in 13 ms
2019-03-08 20:30:47.739  INFO 22736 --- [       Thread-2] o.s.s.concurrent.ThreadPoolTaskExecutor  : Shutting down ExecutorService 'applicationTaskExecutor'
